c:\users\home\documents\visual studio 2015\projects\kmzikurs\winntl-10_2_0\crypto\debug\vc140.pdb
c:\users\home\documents\visual studio 2015\projects\kmzikurs\winntl-10_2_0\crypto\debug\vc140.idb
c:\users\home\documents\visual studio 2015\projects\kmzikurs\winntl-10_2_0\crypto\debug\crypto.obj
c:\users\home\documents\visual studio 2015\projects\kmzikurs\winntl-10_2_0\crypto\debug\crsa.obj
d:\пользователи\данил\учебные проекты\cryptosystem\crypto\debug\vc141.pdb
d:\пользователи\данил\учебные проекты\cryptosystem\crypto\debug\vc141.idb
d:\пользователи\данил\учебные проекты\cryptosystem\crypto\debug\crsa.obj
d:\пользователи\данил\учебные проекты\cryptosystem\crypto\debug\crypto.obj
d:\пользователи\данил\учебные проекты\cryptosystem\crypto\debug\cripemd160.obj
d:\пользователи\данил\учебные проекты\cryptosystem\crypto\debug\cmagma.obj
c:\users\home\documents\visual studio 2015\projects\kmzikurs\winntl-10_2_0\src\debug\crypto.ilk
c:\users\home\documents\visual studio 2015\projects\kmzikurs\winntl-10_2_0\src\debug\crypto.exe
c:\users\home\documents\visual studio 2015\projects\kmzikurs\winntl-10_2_0\src\debug\crypto.pdb
d:\пользователи\данил\учебные проекты\cryptosystem\crypto\debug\crypto.vcxprojresolveassemblyreference.cache
d:\пользователи\данил\учебные проекты\cryptosystem\crypto\debug\crsa.obj.enc
d:\пользователи\данил\учебные проекты\cryptosystem\crypto\debug\vc140.idb
d:\пользователи\данил\учебные проекты\cryptosystem\crypto\debug\vc140.pdb
d:\пользователи\данил\учебные проекты\cryptosystem\src\debug\crypto.exe
d:\пользователи\данил\учебные проекты\cryptosystem\crypto\debug\crypto.tlog\cl.command.1.tlog
d:\пользователи\данил\учебные проекты\cryptosystem\crypto\debug\crypto.tlog\cl.read.1.tlog
d:\пользователи\данил\учебные проекты\cryptosystem\crypto\debug\crypto.tlog\cl.write.1.tlog
d:\пользователи\данил\учебные проекты\cryptosystem\crypto\debug\crypto.tlog\link.command.1.tlog
d:\пользователи\данил\учебные проекты\cryptosystem\crypto\debug\crypto.tlog\link.read.1.tlog
d:\пользователи\данил\учебные проекты\cryptosystem\crypto\debug\crypto.tlog\link.write.1.tlog
