  BasicThreadPool.cpp
  ctools.cpp
  FacVec.cpp
d:\пользователи\данил\учебные проекты\cryptosystem\include\ntl\sp_arith.h(332): warning C4554: <<: проверьте порядок применения операторов на наличие ошибки; для четкого задания порядка используйте скобки
  FFT.cpp
d:\пользователи\данил\учебные проекты\cryptosystem\include\ntl\sp_arith.h(332): warning C4554: <<: проверьте порядок применения операторов на наличие ошибки; для четкого задания порядка используйте скобки
d:\пользователи\данил\учебные проекты\cryptosystem\src\fft.cpp(648): warning C4101: j: неиспользованная локальная переменная
d:\пользователи\данил\учебные проекты\cryptosystem\src\fft.cpp(671): warning C4101: j: неиспользованная локальная переменная
d:\пользователи\данил\учебные проекты\cryptosystem\src\fft.cpp(671): warning C4101: i: неиспользованная локальная переменная
d:\пользователи\данил\учебные проекты\cryptosystem\src\fft.cpp(719): warning C4101: j: неиспользованная локальная переменная
d:\пользователи\данил\учебные проекты\cryptosystem\src\fft.cpp(742): warning C4101: j: неиспользованная локальная переменная
d:\пользователи\данил\учебные проекты\cryptosystem\src\fft.cpp(742): warning C4101: i: неиспользованная локальная переменная
  fileio.cpp
d:\пользователи\данил\учебные проекты\cryptosystem\src\fileio.cpp(60): warning C4996: 'strcpy': This function or variable may be unsafe. Consider using strcpy_s instead. To disable deprecation, use _CRT_SECURE_NO_WARNINGS. See online help for details.
  c:\program files (x86)\windows kits\10\include\10.0.16299.0\ucrt\string.h(132): note:  см. объявление "strcpy"
d:\пользователи\данил\учебные проекты\cryptosystem\src\fileio.cpp(119): warning C4244: инициализация: преобразование "time_t" в "unsigned long", возможна потеря данных
  GetPID.cpp
  GetTime.cpp
  GF2.cpp
d:\пользователи\данил\учебные проекты\cryptosystem\include\ntl\sp_arith.h(332): warning C4554: <<: проверьте порядок применения операторов на наличие ошибки; для четкого задания порядка используйте скобки
  GF2E.cpp
d:\пользователи\данил\учебные проекты\cryptosystem\include\ntl\sp_arith.h(332): warning C4554: <<: проверьте порядок применения операторов на наличие ошибки; для четкого задания порядка используйте скобки
  GF2EX.cpp
d:\пользователи\данил\учебные проекты\cryptosystem\include\ntl\sp_arith.h(332): warning C4554: <<: проверьте порядок применения операторов на наличие ошибки; для четкого задания порядка используйте скобки
  GF2EXFactoring.cpp
d:\пользователи\данил\учебные проекты\cryptosystem\include\ntl\sp_arith.h(332): warning C4554: <<: проверьте порядок применения операторов на наличие ошибки; для четкого задания порядка используйте скобки
  GF2X.cpp
d:\пользователи\данил\учебные проекты\cryptosystem\include\ntl\sp_arith.h(332): warning C4554: <<: проверьте порядок применения операторов на наличие ошибки; для четкого задания порядка используйте скобки
d:\пользователи\данил\учебные проекты\cryptosystem\src\gf2x.cpp(586): warning C4146: применение унарного минуса к типу без знака; результат оставлен без знака
d:\пользователи\данил\учебные проекты\cryptosystem\src\gf2x.cpp(605): warning C4146: применение унарного минуса к типу без знака; результат оставлен без знака
d:\пользователи\данил\учебные проекты\cryptosystem\src\gf2x.cpp(635): warning C4146: применение унарного минуса к типу без знака; результат оставлен без знака
d:\пользователи\данил\учебные проекты\cryptosystem\src\gf2x.cpp(662): warning C4146: применение унарного минуса к типу без знака; результат оставлен без знака
d:\пользователи\данил\учебные проекты\cryptosystem\src\gf2x.cpp(709): warning C4146: применение унарного минуса к типу без знака; результат оставлен без знака
  GF2X1.cpp
d:\пользователи\данил\учебные проекты\cryptosystem\include\ntl\sp_arith.h(332): warning C4554: <<: проверьте порядок применения операторов на наличие ошибки; для четкого задания порядка используйте скобки
  GF2XFactoring.cpp
d:\пользователи\данил\учебные проекты\cryptosystem\include\ntl\sp_arith.h(332): warning C4554: <<: проверьте порядок применения операторов на наличие ошибки; для четкого задания порядка используйте скобки
  GF2XVec.cpp
d:\пользователи\данил\учебные проекты\cryptosystem\include\ntl\sp_arith.h(332): warning C4554: <<: проверьте порядок применения операторов на наличие ошибки; для четкого задания порядка используйте скобки
  G_LLL_FP.cpp
d:\пользователи\данил\учебные проекты\cryptosystem\include\ntl\sp_arith.h(332): warning C4554: <<: проверьте порядок применения операторов на наличие ошибки; для четкого задания порядка используйте скобки
  G_LLL_QP.cpp
d:\пользователи\данил\учебные проекты\cryptosystem\include\ntl\sp_arith.h(332): warning C4554: <<: проверьте порядок применения операторов на наличие ошибки; для четкого задания порядка используйте скобки
  G_LLL_RR.cpp
d:\пользователи\данил\учебные проекты\cryptosystem\include\ntl\sp_arith.h(332): warning C4554: <<: проверьте порядок применения операторов на наличие ошибки; для четкого задания порядка используйте скобки
  G_LLL_XD.cpp
d:\пользователи\данил\учебные проекты\cryptosystem\include\ntl\sp_arith.h(332): warning C4554: <<: проверьте порядок применения операторов на наличие ошибки; для четкого задания порядка используйте скобки
  HNF.cpp
d:\пользователи\данил\учебные проекты\cryptosystem\include\ntl\sp_arith.h(332): warning C4554: <<: проверьте порядок применения операторов на наличие ошибки; для четкого задания порядка используйте скобки
  Создание кода...
  Компиляция...
  lip.cpp
d:\пользователи\данил\учебные проекты\cryptosystem\include\ntl\sp_arith.h(332): warning C4554: <<: проверьте порядок применения операторов на наличие ошибки; для четкого задания порядка используйте скобки
d:\пользователи\данил\учебные проекты\cryptosystem\src\lip.cpp(106): warning C4146: применение унарного минуса к типу без знака; результат оставлен без знака
d:\пользователи\данил\учебные проекты\cryptosystem\src\lip.cpp(456): warning C4146: применение унарного минуса к типу без знака; результат оставлен без знака
d:\пользователи\данил\учебные проекты\cryptosystem\src\lip.cpp(1730): warning C4146: применение унарного минуса к типу без знака; результат оставлен без знака
d:\пользователи\данил\учебные проекты\cryptosystem\src\lip.cpp(1787): warning C4146: применение унарного минуса к типу без знака; результат оставлен без знака
d:\пользователи\данил\учебные проекты\cryptosystem\src\lip.cpp(2231): warning C4146: применение унарного минуса к типу без знака; результат оставлен без знака
d:\пользователи\данил\учебные проекты\cryptosystem\src\lip.cpp(5005): warning C4146: применение унарного минуса к типу без знака; результат оставлен без знака
d:\пользователи\данил\учебные проекты\cryptosystem\src\lip.cpp(7666): warning C4146: применение унарного минуса к типу без знака; результат оставлен без знака
d:\пользователи\данил\учебные проекты\cryptosystem\src\lip.cpp(7734): warning C4099: _ntl_general_rem_one_struct: имя типа, ранее отображенное с помощью "class", теперь отображено с помощью "struct"
  d:\пользователи\данил\учебные проекты\cryptosystem\src\lip.cpp(7734): note:  см. объявление "_ntl_general_rem_one_struct"
  LLL.cpp
d:\пользователи\данил\учебные проекты\cryptosystem\include\ntl\sp_arith.h(332): warning C4554: <<: проверьте порядок применения операторов на наличие ошибки; для четкого задания порядка используйте скобки
  LLL_FP.cpp
d:\пользователи\данил\учебные проекты\cryptosystem\include\ntl\sp_arith.h(332): warning C4554: <<: проверьте порядок применения операторов на наличие ошибки; для четкого задания порядка используйте скобки
  LLL_QP.cpp
d:\пользователи\данил\учебные проекты\cryptosystem\include\ntl\sp_arith.h(332): warning C4554: <<: проверьте порядок применения операторов на наличие ошибки; для четкого задания порядка используйте скобки
  LLL_RR.cpp
d:\пользователи\данил\учебные проекты\cryptosystem\include\ntl\sp_arith.h(332): warning C4554: <<: проверьте порядок применения операторов на наличие ошибки; для четкого задания порядка используйте скобки
  LLL_XD.cpp
d:\пользователи\данил\учебные проекты\cryptosystem\include\ntl\sp_arith.h(332): warning C4554: <<: проверьте порядок применения операторов на наличие ошибки; для четкого задания порядка используйте скобки
  lzz_p.cpp
d:\пользователи\данил\учебные проекты\cryptosystem\include\ntl\sp_arith.h(332): warning C4554: <<: проверьте порядок применения операторов на наличие ошибки; для четкого задания порядка используйте скобки
  lzz_pE.cpp
d:\пользователи\данил\учебные проекты\cryptosystem\include\ntl\sp_arith.h(332): warning C4554: <<: проверьте порядок применения операторов на наличие ошибки; для четкого задания порядка используйте скобки
  lzz_pEX.cpp
d:\пользователи\данил\учебные проекты\cryptosystem\include\ntl\sp_arith.h(332): warning C4554: <<: проверьте порядок применения операторов на наличие ошибки; для четкого задания порядка используйте скобки
  lzz_pEXFactoring.cpp
d:\пользователи\данил\учебные проекты\cryptosystem\include\ntl\sp_arith.h(332): warning C4554: <<: проверьте порядок применения операторов на наличие ошибки; для четкого задания порядка используйте скобки
  lzz_pX.cpp
d:\пользователи\данил\учебные проекты\cryptosystem\include\ntl\sp_arith.h(332): warning C4554: <<: проверьте порядок применения операторов на наличие ошибки; для четкого задания порядка используйте скобки
d:\пользователи\данил\учебные проекты\cryptosystem\src\lzz_px.cpp(1342): warning C4101: i: неиспользованная локальная переменная
  lzz_pX1.cpp
d:\пользователи\данил\учебные проекты\cryptosystem\include\ntl\sp_arith.h(332): warning C4554: <<: проверьте порядок применения операторов на наличие ошибки; для четкого задания порядка используйте скобки
  lzz_pXCharPoly.cpp
d:\пользователи\данил\учебные проекты\cryptosystem\include\ntl\sp_arith.h(332): warning C4554: <<: проверьте порядок применения операторов на наличие ошибки; для четкого задания порядка используйте скобки
  lzz_pXFactoring.cpp
d:\пользователи\данил\учебные проекты\cryptosystem\include\ntl\sp_arith.h(332): warning C4554: <<: проверьте порядок применения операторов на наличие ошибки; для четкого задания порядка используйте скобки
  mat_GF2.cpp
d:\пользователи\данил\учебные проекты\cryptosystem\include\ntl\sp_arith.h(332): warning C4554: <<: проверьте порядок применения операторов на наличие ошибки; для четкого задания порядка используйте скобки
  mat_GF2E.cpp
d:\пользователи\данил\учебные проекты\cryptosystem\include\ntl\sp_arith.h(332): warning C4554: <<: проверьте порядок применения операторов на наличие ошибки; для четкого задания порядка используйте скобки
  mat_lzz_p.cpp
d:\пользователи\данил\учебные проекты\cryptosystem\include\ntl\sp_arith.h(332): warning C4554: <<: проверьте порядок применения операторов на наличие ошибки; для четкого задания порядка используйте скобки
  mat_lzz_pE.cpp
d:\пользователи\данил\учебные проекты\cryptosystem\include\ntl\sp_arith.h(332): warning C4554: <<: проверьте порядок применения операторов на наличие ошибки; для четкого задания порядка используйте скобки
  mat_poly_lzz_p.cpp
d:\пользователи\данил\учебные проекты\cryptosystem\include\ntl\sp_arith.h(332): warning C4554: <<: проверьте порядок применения операторов на наличие ошибки; для четкого задания порядка используйте скобки
  mat_poly_ZZ.cpp
d:\пользователи\данил\учебные проекты\cryptosystem\include\ntl\sp_arith.h(332): warning C4554: <<: проверьте порядок применения операторов на наличие ошибки; для четкого задания порядка используйте скобки
  Создание кода...
  Компиляция...
  mat_poly_ZZ_p.cpp
d:\пользователи\данил\учебные проекты\cryptosystem\include\ntl\sp_arith.h(332): warning C4554: <<: проверьте порядок применения операторов на наличие ошибки; для четкого задания порядка используйте скобки
  mat_RR.cpp
d:\пользователи\данил\учебные проекты\cryptosystem\include\ntl\sp_arith.h(332): warning C4554: <<: проверьте порядок применения операторов на наличие ошибки; для четкого задания порядка используйте скобки
  mat_ZZ.cpp
d:\пользователи\данил\учебные проекты\cryptosystem\include\ntl\sp_arith.h(332): warning C4554: <<: проверьте порядок применения операторов на наличие ошибки; для четкого задания порядка используйте скобки
  mat_ZZ_p.cpp
d:\пользователи\данил\учебные проекты\cryptosystem\include\ntl\sp_arith.h(332): warning C4554: <<: проверьте порядок применения операторов на наличие ошибки; для четкого задания порядка используйте скобки
  mat_ZZ_pE.cpp
d:\пользователи\данил\учебные проекты\cryptosystem\include\ntl\sp_arith.h(332): warning C4554: <<: проверьте порядок применения операторов на наличие ошибки; для четкого задания порядка используйте скобки
  quad_float.cpp
d:\пользователи\данил\учебные проекты\cryptosystem\include\ntl\sp_arith.h(332): warning C4554: <<: проверьте порядок применения операторов на наличие ошибки; для четкого задания порядка используйте скобки
d:\пользователи\данил\учебные проекты\cryptosystem\src\quad_float.cpp(598): warning C4146: применение унарного минуса к типу без знака; результат оставлен без знака
  RR.cpp
d:\пользователи\данил\учебные проекты\cryptosystem\include\ntl\sp_arith.h(332): warning C4554: <<: проверьте порядок применения операторов на наличие ошибки; для четкого задания порядка используйте скобки
  thread.cpp
  tools.cpp
  vec_GF2.cpp
d:\пользователи\данил\учебные проекты\cryptosystem\include\ntl\sp_arith.h(332): warning C4554: <<: проверьте порядок применения операторов на наличие ошибки; для четкого задания порядка используйте скобки
  vec_GF2E.cpp
d:\пользователи\данил\учебные проекты\cryptosystem\include\ntl\sp_arith.h(332): warning C4554: <<: проверьте порядок применения операторов на наличие ошибки; для четкого задания порядка используйте скобки
  vec_lzz_p.cpp
d:\пользователи\данил\учебные проекты\cryptosystem\include\ntl\sp_arith.h(332): warning C4554: <<: проверьте порядок применения операторов на наличие ошибки; для четкого задания порядка используйте скобки
d:\пользователи\данил\учебные проекты\cryptosystem\src\vec_lzz_p.cpp(10): warning C4101: i: неиспользованная локальная переменная
d:\пользователи\данил\учебные проекты\cryptosystem\src\vec_lzz_p.cpp(21): warning C4101: i: неиспользованная локальная переменная
  vec_lzz_pE.cpp
d:\пользователи\данил\учебные проекты\cryptosystem\include\ntl\sp_arith.h(332): warning C4554: <<: проверьте порядок применения операторов на наличие ошибки; для четкого задания порядка используйте скобки
  vec_RR.cpp
d:\пользователи\данил\учебные проекты\cryptosystem\include\ntl\sp_arith.h(332): warning C4554: <<: проверьте порядок применения операторов на наличие ошибки; для четкого задания порядка используйте скобки
  vec_ZZ.cpp
d:\пользователи\данил\учебные проекты\cryptosystem\include\ntl\sp_arith.h(332): warning C4554: <<: проверьте порядок применения операторов на наличие ошибки; для четкого задания порядка используйте скобки
  vec_ZZ_p.cpp
d:\пользователи\данил\учебные проекты\cryptosystem\include\ntl\sp_arith.h(332): warning C4554: <<: проверьте порядок применения операторов на наличие ошибки; для четкого задания порядка используйте скобки
  vec_ZZ_pE.cpp
d:\пользователи\данил\учебные проекты\cryptosystem\include\ntl\sp_arith.h(332): warning C4554: <<: проверьте порядок применения операторов на наличие ошибки; для четкого задания порядка используйте скобки
  WordVector.cpp
d:\пользователи\данил\учебные проекты\cryptosystem\include\ntl\sp_arith.h(332): warning C4554: <<: проверьте порядок применения операторов на наличие ошибки; для четкого задания порядка используйте скобки
  xdouble.cpp
d:\пользователи\данил\учебные проекты\cryptosystem\include\ntl\sp_arith.h(332): warning C4554: <<: проверьте порядок применения операторов на наличие ошибки; для четкого задания порядка используйте скобки
  ZZ.cpp
d:\пользователи\данил\учебные проекты\cryptosystem\include\ntl\sp_arith.h(332): warning C4554: <<: проверьте порядок применения операторов на наличие ошибки; для четкого задания порядка используйте скобки
d:\пользователи\данил\учебные проекты\cryptosystem\src\zz.cpp(369): warning C4146: применение унарного минуса к типу без знака; результат оставлен без знака
d:\пользователи\данил\учебные проекты\cryptosystem\src\zz.cpp(634): warning C4146: применение унарного минуса к типу без знака; результат оставлен без знака
d:\пользователи\данил\учебные проекты\cryptosystem\src\zz.cpp(652): warning C4146: применение унарного минуса к типу без знака; результат оставлен без знака
d:\пользователи\данил\учебные проекты\cryptosystem\src\zz.cpp(2164): warning C4244: =: преобразование "unsigned long" в "unsigned char", возможна потеря данных
d:\пользователи\данил\учебные проекты\cryptosystem\src\zz.cpp(2165): warning C4244: =: преобразование "unsigned long" в "unsigned char", возможна потеря данных
  Создание кода...
  Компиляция...
  ZZVec.cpp
d:\пользователи\данил\учебные проекты\cryptosystem\include\ntl\sp_arith.h(332): warning C4554: <<: проверьте порядок применения операторов на наличие ошибки; для четкого задания порядка используйте скобки
  ZZX.cpp
d:\пользователи\данил\учебные проекты\cryptosystem\include\ntl\sp_arith.h(332): warning C4554: <<: проверьте порядок применения операторов на наличие ошибки; для четкого задания порядка используйте скобки
  ZZX1.cpp
d:\пользователи\данил\учебные проекты\cryptosystem\include\ntl\sp_arith.h(332): warning C4554: <<: проверьте порядок применения операторов на наличие ошибки; для четкого задания порядка используйте скобки
d:\пользователи\данил\учебные проекты\cryptosystem\src\zzx1.cpp(1029): warning C4101: i: неиспользованная локальная переменная
  ZZXCharPoly.cpp
d:\пользователи\данил\учебные проекты\cryptosystem\include\ntl\sp_arith.h(332): warning C4554: <<: проверьте порядок применения операторов на наличие ошибки; для четкого задания порядка используйте скобки
  ZZXFactoring.cpp
d:\пользователи\данил\учебные проекты\cryptosystem\include\ntl\sp_arith.h(332): warning C4554: <<: проверьте порядок применения операторов на наличие ошибки; для четкого задания порядка используйте скобки
d:\пользователи\данил\учебные проекты\cryptosystem\src\zzxfactoring.cpp(1280): warning C4146: применение унарного минуса к типу без знака; результат оставлен без знака
d:\пользователи\данил\учебные проекты\cryptosystem\src\zzxfactoring.cpp(1282): warning C4146: применение унарного минуса к типу без знака; результат оставлен без знака
  ZZ_p.cpp
d:\пользователи\данил\учебные проекты\cryptosystem\include\ntl\sp_arith.h(332): warning C4554: <<: проверьте порядок применения операторов на наличие ошибки; для четкого задания порядка используйте скобки
  ZZ_pE.cpp
d:\пользователи\данил\учебные проекты\cryptosystem\include\ntl\sp_arith.h(332): warning C4554: <<: проверьте порядок применения операторов на наличие ошибки; для четкого задания порядка используйте скобки
  ZZ_pEX.cpp
d:\пользователи\данил\учебные проекты\cryptosystem\include\ntl\sp_arith.h(332): warning C4554: <<: проверьте порядок применения операторов на наличие ошибки; для четкого задания порядка используйте скобки
  ZZ_pEXFactoring.cpp
d:\пользователи\данил\учебные проекты\cryptosystem\include\ntl\sp_arith.h(332): warning C4554: <<: проверьте порядок применения операторов на наличие ошибки; для четкого задания порядка используйте скобки
  ZZ_pX.cpp
d:\пользователи\данил\учебные проекты\cryptosystem\include\ntl\sp_arith.h(332): warning C4554: <<: проверьте порядок применения операторов на наличие ошибки; для четкого задания порядка используйте скобки
  ZZ_pX1.cpp
d:\пользователи\данил\учебные проекты\cryptosystem\include\ntl\sp_arith.h(332): warning C4554: <<: проверьте порядок применения операторов на наличие ошибки; для четкого задания порядка используйте скобки
  ZZ_pXCharPoly.cpp
d:\пользователи\данил\учебные проекты\cryptosystem\include\ntl\sp_arith.h(332): warning C4554: <<: проверьте порядок применения операторов на наличие ошибки; для четкого задания порядка используйте скобки
  ZZ_pXFactoring.cpp
d:\пользователи\данил\учебные проекты\cryptosystem\include\ntl\sp_arith.h(332): warning C4554: <<: проверьте порядок применения операторов на наличие ошибки; для четкого задания порядка используйте скобки
  Создание кода...
  NTL.vcxproj -> D:\Пользователи\Данил\Учебные проекты\CryptoSystem\src\Debug\NTL.lib
