d:\пользователи\данил\учебные проекты\cryptosystem\src\debug\ntl.pdb
d:\пользователи\данил\учебные проекты\cryptosystem\src\debug\hnf.obj
d:\пользователи\данил\учебные проекты\cryptosystem\src\debug\g_lll_xd.obj
d:\пользователи\данил\учебные проекты\cryptosystem\src\debug\g_lll_rr.obj
d:\пользователи\данил\учебные проекты\cryptosystem\src\debug\g_lll_qp.obj
d:\пользователи\данил\учебные проекты\cryptosystem\src\debug\g_lll_fp.obj
d:\пользователи\данил\учебные проекты\cryptosystem\src\debug\gf2xvec.obj
d:\пользователи\данил\учебные проекты\cryptosystem\src\debug\gf2xfactoring.obj
d:\пользователи\данил\учебные проекты\cryptosystem\src\debug\gf2x1.obj
d:\пользователи\данил\учебные проекты\cryptosystem\src\debug\gf2x.obj
d:\пользователи\данил\учебные проекты\cryptosystem\src\debug\gf2exfactoring.obj
d:\пользователи\данил\учебные проекты\cryptosystem\src\debug\gf2ex.obj
d:\пользователи\данил\учебные проекты\cryptosystem\src\debug\gf2e.obj
d:\пользователи\данил\учебные проекты\cryptosystem\src\debug\gf2.obj
d:\пользователи\данил\учебные проекты\cryptosystem\src\debug\gettime.obj
d:\пользователи\данил\учебные проекты\cryptosystem\src\debug\getpid.obj
d:\пользователи\данил\учебные проекты\cryptosystem\src\debug\fileio.obj
d:\пользователи\данил\учебные проекты\cryptosystem\src\debug\fft.obj
d:\пользователи\данил\учебные проекты\cryptosystem\src\debug\facvec.obj
d:\пользователи\данил\учебные проекты\cryptosystem\src\debug\ctools.obj
d:\пользователи\данил\учебные проекты\cryptosystem\src\debug\basicthreadpool.obj
d:\пользователи\данил\учебные проекты\cryptosystem\src\debug\mat_poly_zz.obj
d:\пользователи\данил\учебные проекты\cryptosystem\src\debug\mat_poly_lzz_p.obj
d:\пользователи\данил\учебные проекты\cryptosystem\src\debug\mat_lzz_pe.obj
d:\пользователи\данил\учебные проекты\cryptosystem\src\debug\mat_lzz_p.obj
d:\пользователи\данил\учебные проекты\cryptosystem\src\debug\mat_gf2e.obj
d:\пользователи\данил\учебные проекты\cryptosystem\src\debug\mat_gf2.obj
d:\пользователи\данил\учебные проекты\cryptosystem\src\debug\lzz_pxfactoring.obj
d:\пользователи\данил\учебные проекты\cryptosystem\src\debug\lzz_pxcharpoly.obj
d:\пользователи\данил\учебные проекты\cryptosystem\src\debug\lzz_px1.obj
d:\пользователи\данил\учебные проекты\cryptosystem\src\debug\lzz_px.obj
d:\пользователи\данил\учебные проекты\cryptosystem\src\debug\lzz_pexfactoring.obj
d:\пользователи\данил\учебные проекты\cryptosystem\src\debug\lzz_pex.obj
d:\пользователи\данил\учебные проекты\cryptosystem\src\debug\lzz_pe.obj
d:\пользователи\данил\учебные проекты\cryptosystem\src\debug\lzz_p.obj
d:\пользователи\данил\учебные проекты\cryptosystem\src\debug\lll_xd.obj
d:\пользователи\данил\учебные проекты\cryptosystem\src\debug\lll_rr.obj
d:\пользователи\данил\учебные проекты\cryptosystem\src\debug\lll_qp.obj
d:\пользователи\данил\учебные проекты\cryptosystem\src\debug\lll_fp.obj
d:\пользователи\данил\учебные проекты\cryptosystem\src\debug\lll.obj
d:\пользователи\данил\учебные проекты\cryptosystem\src\debug\lip.obj
d:\пользователи\данил\учебные проекты\cryptosystem\src\debug\zz.obj
d:\пользователи\данил\учебные проекты\cryptosystem\src\debug\xdouble.obj
d:\пользователи\данил\учебные проекты\cryptosystem\src\debug\wordvector.obj
d:\пользователи\данил\учебные проекты\cryptosystem\src\debug\vec_zz_pe.obj
d:\пользователи\данил\учебные проекты\cryptosystem\src\debug\vec_zz_p.obj
d:\пользователи\данил\учебные проекты\cryptosystem\src\debug\vec_zz.obj
d:\пользователи\данил\учебные проекты\cryptosystem\src\debug\vec_rr.obj
d:\пользователи\данил\учебные проекты\cryptosystem\src\debug\vec_lzz_pe.obj
d:\пользователи\данил\учебные проекты\cryptosystem\src\debug\vec_lzz_p.obj
d:\пользователи\данил\учебные проекты\cryptosystem\src\debug\vec_gf2e.obj
d:\пользователи\данил\учебные проекты\cryptosystem\src\debug\vec_gf2.obj
d:\пользователи\данил\учебные проекты\cryptosystem\src\debug\tools.obj
d:\пользователи\данил\учебные проекты\cryptosystem\src\debug\thread.obj
d:\пользователи\данил\учебные проекты\cryptosystem\src\debug\rr.obj
d:\пользователи\данил\учебные проекты\cryptosystem\src\debug\quad_float.obj
d:\пользователи\данил\учебные проекты\cryptosystem\src\debug\mat_zz_pe.obj
d:\пользователи\данил\учебные проекты\cryptosystem\src\debug\mat_zz_p.obj
d:\пользователи\данил\учебные проекты\cryptosystem\src\debug\mat_zz.obj
d:\пользователи\данил\учебные проекты\cryptosystem\src\debug\mat_rr.obj
d:\пользователи\данил\учебные проекты\cryptosystem\src\debug\mat_poly_zz_p.obj
d:\пользователи\данил\учебные проекты\cryptosystem\src\debug\zz_pxfactoring.obj
d:\пользователи\данил\учебные проекты\cryptosystem\src\debug\zz_pxcharpoly.obj
d:\пользователи\данил\учебные проекты\cryptosystem\src\debug\zz_px1.obj
d:\пользователи\данил\учебные проекты\cryptosystem\src\debug\zz_px.obj
d:\пользователи\данил\учебные проекты\cryptosystem\src\debug\zz_pexfactoring.obj
d:\пользователи\данил\учебные проекты\cryptosystem\src\debug\zz_pex.obj
d:\пользователи\данил\учебные проекты\cryptosystem\src\debug\zz_pe.obj
d:\пользователи\данил\учебные проекты\cryptosystem\src\debug\zz_p.obj
d:\пользователи\данил\учебные проекты\cryptosystem\src\debug\zzxfactoring.obj
d:\пользователи\данил\учебные проекты\cryptosystem\src\debug\zzxcharpoly.obj
d:\пользователи\данил\учебные проекты\cryptosystem\src\debug\zzx1.obj
d:\пользователи\данил\учебные проекты\cryptosystem\src\debug\zzx.obj
d:\пользователи\данил\учебные проекты\cryptosystem\src\debug\zzvec.obj
d:\пользователи\данил\учебные проекты\cryptosystem\src\debug\ntl.lib
d:\пользователи\данил\учебные проекты\cryptosystem\src\debug\ntl.tlog\cl.command.1.tlog
d:\пользователи\данил\учебные проекты\cryptosystem\src\debug\ntl.tlog\cl.read.1.tlog
d:\пользователи\данил\учебные проекты\cryptosystem\src\debug\ntl.tlog\cl.write.1.tlog
d:\пользователи\данил\учебные проекты\cryptosystem\src\debug\ntl.tlog\lib-link.read.1.tlog
d:\пользователи\данил\учебные проекты\cryptosystem\src\debug\ntl.tlog\lib-link.write.1.tlog
d:\пользователи\данил\учебные проекты\cryptosystem\src\debug\ntl.tlog\lib.command.1.tlog
